TN:
SF:src/commons/logo/index.tsx
FN:7,(anonymous_0)
FNF:1
FNH:0
FNDA:0,(anonymous_0)
DA:7,0
DA:8,0
LF:2
LH:0
BRF:0
BRH:0
end_of_record
TN:
SF:src/components/form/button/index.tsx
FN:9,Button
FNF:1
FNH:1
FNDA:16,Button
DA:27,16
LF:1
LH:1
BRDA:10,0,0,0
BRDA:11,1,0,0
BRF:2
BRH:0
end_of_record
TN:
SF:src/components/text/index.tsx
FN:8,(anonymous_0)
FNF:1
FNH:1
FNDA:42,(anonymous_0)
DA:8,2
DA:25,42
LF:2
LH:2
BRF:0
BRH:0
end_of_record
TN:
SF:src/routes/index.routes.tsx
FN:6,AppRoutes
FNF:1
FNH:0
FNDA:0,AppRoutes
DA:7,0
LF:1
LH:0
BRF:0
BRH:0
end_of_record
TN:
SF:src/routes/routes-stack-navigation-auth.tsx
FNF:0
FNH:0
LF:0
LH:0
BRF:0
BRH:0
end_of_record
TN:
SF:src/routes/routes-stack-navigation-open.tsx
FN:10,AppRoutesOpen
FNF:1
FNH:0
FNDA:0,AppRoutesOpen
DA:8,0
DA:11,0
LF:2
LH:0
BRF:0
BRH:0
end_of_record
TN:
SF:src/screens/default-screen/index.tsx
FN:17,(anonymous_0)
FNF:1
FNH:0
FNDA:0,(anonymous_0)
DA:17,0
DA:18,0
DA:19,0
LF:3
LH:0
BRF:0
BRH:0
end_of_record
TN:
SF:src/screens/home-stack/index.tsx
FN:18,(anonymous_0)
FNF:1
FNH:0
FNDA:0,(anonymous_0)
DA:18,0
DA:19,0
DA:20,0
LF:3
LH:0
BRF:0
BRH:0
end_of_record
TN:
SF:src/screens/sign/index.tsx
FN:36,(anonymous_0)
FN:40,(anonymous_1)
FN:88,(anonymous_2)
FNF:3
FNH:3
FNDA:8,(anonymous_0)
FNDA:2,(anonymous_1)
FNDA:1,(anonymous_2)
DA:36,1
DA:37,8
DA:38,8
DA:40,8
DA:41,2
DA:42,2
DA:44,0
DA:47,8
DA:89,1
LF:9
LH:8
BRDA:41,0,0,2
BRDA:41,0,1,0
BRF:2
BRH:1
end_of_record
